<?xml version="1.0" encoding="iso-8859-1"?><gpm xmlns="http://www.airbus.com/topcased/gPM" xmlns:xsi="http://www.w3.org/2001/XMLSchema-instance"	xsi:schemaLocation="http://www.airbus.com/topcased/gPM">	<version>1.2</version>	<translations>		<translation lang="en_EN">			<image key="CHOICE 1">images/arrow_down.gif</image>			<image key="CHOICE 2">images/arrow_down.gif</image>			<image key="CHOICE 3">images/arrow_down.gif</image>			<image key="CHOICE 4">images/arrow_down.gif</image>			<image key="CHOICE 5">images/arrow_down.gif</image>			<image key="CHOICE 6">images/arrow_down.gif</image>			<message key="SHEET_NAME">SHEET_NAME/en_EN</message>			<message key="EXTENSION_POINT_FIELD">EXTENSION_POINT_FIELD/en_EN</message>			<message key="EXTENDED_ACTION_FIELD">EXTENDED_ACTION_FIELD/en_EN</message>		</translation>		<translation lang="fr_FR">			<message key="SHEET_NAME">SHEET_NAME/fr_FR</message>			<message key="EXTENSION_POINT_FIELD">EXTENSION_POINT_FIELD/fr_FR</message>			<message key="EXTENDED_ACTION_FIELD">EXTENDED_ACTION_FIELD/fr_FR</message>		</translation>	</translations></gpm>